2018-02-27 23:26:26,751 - __main__ - INFO - Solution Ex 1.4: --by Vimanyu Aggarwal 011006125
2018-02-27 23:26:26,752 - __main__ - INFO - Generating input space
2018-02-27 23:26:26,752 - __main__ - INFO - [[12, 27], [23, 13], [7, 26], [8, 6], [21, 1],
[12, 28], [11, 27], [1, 18], [17, 21], [23, 20], [17, 29], [5, 3], [5, 30], [27, 28], [29, 12],
[22, 13], [18, 24], [21, 5], [27, 5], [9, 20]]
2018-02-27 23:26:26,752 - __main__ - INFO - Input space Successfully Generated
2018-02-27 23:26:26,752 - __main__ - INFO - Generating Output space
2018-02-27 23:26:26,752 - __main__ - INFO - Random data set included one data point (12,27) which lies on the line of actual target function
2018-02-27 23:26:26,752 - __main__ - INFO - ['ignore: invalid data point', 1, -1, 1, 1, -1, -1, -1, 1, 1, 1, 1, -1, 1, 1, 1, 1, 1, 1, 1]
2018-02-27 23:26:26,752 - __main__ - INFO - Output Space Successfully Generated
2018-02-27 23:26:26,752 - __main__ - INFO - Commencing PLA for Data size=20 and iterations=100
2018-02-27 23:26:26,752 - __main__ - INFO - Weights udpated....
2018-02-27 23:26:26,752 - __main__ - INFO - [-4, -23]
2018-02-27 23:26:26,752 - __main__ - INFO - Weights udpated....
2018-02-27 23:26:26,752 - __main__ - INFO - [4, -17]
2018-02-27 23:26:26,752 - __main__ - INFO - Weights udpated....
2018-02-27 23:26:26,752 - __main__ - INFO - [12, -11]
2018-02-27 23:26:26,752 - __main__ - INFO - Weights udpated....
2018-02-27 23:26:26,753 - __main__ - INFO - [29, 18]
2018-02-27 23:26:26,753 - __main__ - INFO - Weights udpated....
2018-02-27 23:26:26,753 - __main__ - INFO - [22, -8]
2018-02-27 23:26:26,753 - __main__ - INFO - Weights udpated....
2018-02-27 23:26:26,753 - __main__ - INFO - [10, -36]
2018-02-27 23:26:26,753 - __main__ - INFO - Weights udpated....
2018-02-27 23:26:26,753 - __main__ - INFO - [19, -16]
2018-02-27 23:26:26,753 - __main__ - INFO - Weights udpated....
2018-02-27 23:26:26,753 - __main__ - INFO - [36, 5]
2018-02-27 23:26:26,753 - __main__ - INFO - Weights udpated....
2018-02-27 23:26:26,753 - __main__ - INFO - [29, -21]
2018-02-27 23:26:26,753 - __main__ - INFO - Weights udpated....
2018-02-27 23:26:26,753 - __main__ - INFO - [46, 8]
2018-02-27 23:26:26,753 - __main__ - INFO - Weights udpated....
2018-02-27 23:26:26,753 - __main__ - INFO - [41, -22]
2018-02-27 23:26:26,753 - __main__ - INFO - Weights udpated....
2018-02-27 23:26:26,754 - __main__ - INFO - [50, -2]
2018-02-27 23:26:26,754 - __main__ - INFO - Weights udpated....
2018-02-27 23:26:26,754 - __main__ - INFO - [43, -28]
2018-02-27 23:26:26,754 - __main__ - INFO - Weights udpated....
2018-02-27 23:26:26,754 - __main__ - INFO - [60, 1]
2018-02-27 23:26:26,754 - __main__ - INFO - Weights udpated....
2018-02-27 23:26:26,754 - __main__ - INFO - [48, -27]
2018-02-27 23:26:26,754 - __main__ - INFO - Weights udpated....
2018-02-27 23:26:26,754 - __main__ - INFO - [57, -7]
2018-02-27 23:26:26,754 - __main__ - INFO - Weights udpated....
2018-02-27 23:26:26,754 - __main__ - INFO - [50, -33]
2018-02-27 23:26:26,754 - __main__ - INFO - Weights udpated....
2018-02-27 23:26:26,754 - __main__ - INFO - [67, -4]
2018-02-27 23:26:26,754 - __main__ - INFO - Weights udpated....
2018-02-27 23:26:26,754 - __main__ - INFO - [62, -34]
2018-02-27 23:26:26,754 - __main__ - INFO - Weights udpated....
2018-02-27 23:26:26,754 - __main__ - INFO - [71, -14]
2018-02-27 23:26:26,755 - __main__ - INFO - Weights udpated....
2018-02-27 23:26:26,755 - __main__ - INFO - [64, -40]
2018-02-27 23:26:26,755 - __main__ - INFO - Weights udpated....
2018-02-27 23:26:26,755 - __main__ - INFO - [81, -11]
2018-02-27 23:26:26,755 - __main__ - INFO - Weights udpated....
2018-02-27 23:26:26,755 - __main__ - INFO - [74, -37]
2018-02-27 23:26:26,755 - __main__ - INFO - Weights udpated....
2018-02-27 23:26:26,755 - __main__ - INFO - [83, -17]
2018-02-27 23:26:26,755 - __main__ - INFO - Weights udpated....
2018-02-27 23:26:26,755 - __main__ - INFO - [76, -43]
2018-02-27 23:26:26,755 - __main__ - INFO - Weights udpated....
2018-02-27 23:26:26,755 - __main__ - INFO - [85, -23]
2018-02-27 23:26:26,755 - __main__ - INFO - Weights udpated....
2018-02-27 23:26:26,755 - __main__ - INFO - [74, -50]
2018-02-27 23:26:26,755 - __main__ - INFO - Weights udpated....
2018-02-27 23:26:26,755 - __main__ - INFO - [83, -30]
2018-02-27 23:26:26,755 - __main__ - INFO - Weights udpated....
2018-02-27 23:26:26,756 - __main__ - INFO - [72, -57]
2018-02-27 23:26:26,756 - __main__ - INFO - Weights udpated....
2018-02-27 23:26:26,756 - __main__ - INFO - [81, -37]
2018-02-27 23:26:26,756 - __main__ - INFO - Weights udpated....
2018-02-27 23:26:26,756 - __main__ - INFO - [90, -17]
2018-02-27 23:26:26,756 - __main__ - INFO - Weights udpated....
2018-02-27 23:26:26,756 - __main__ - INFO - [83, -43]
2018-02-27 23:26:26,756 - __main__ - INFO - Weights udpated....
2018-02-27 23:26:26,756 - __main__ - INFO - [92, -23]
2018-02-27 23:26:26,756 - __main__ - INFO - Weights udpated....
2018-02-27 23:26:26,756 - __main__ - INFO - [85, -49]
2018-02-27 23:26:26,756 - __main__ - INFO - Weights udpated....
2018-02-27 23:26:26,756 - __main__ - INFO - [94, -29]
2018-02-27 23:26:26,756 - __main__ - INFO - Weights udpated....
2018-02-27 23:26:26,756 - __main__ - INFO - [83, -56]
2018-02-27 23:26:26,756 - __main__ - INFO - Weights udpated....
2018-02-27 23:26:26,756 - __main__ - INFO - [100, -27]
2018-02-27 23:26:26,757 - __main__ - INFO - Weights udpated....
2018-02-27 23:26:26,757 - __main__ - INFO - [93, -53]
2018-02-27 23:26:26,757 - __main__ - INFO - Weights udpated....
2018-02-27 23:26:26,757 - __main__ - INFO - [102, -33]
2018-02-27 23:26:26,757 - __main__ - INFO - Weights udpated....
2018-02-27 23:26:26,757 - __main__ - INFO - [90, -61]
2018-02-27 23:26:26,757 - __main__ - INFO - Weights udpated....
2018-02-27 23:26:26,757 - __main__ - INFO - [107, -32]
2018-02-27 23:26:26,757 - __main__ - INFO - Weights udpated....
2018-02-27 23:26:26,757 - __main__ - INFO - [95, -60]
2018-02-27 23:26:26,757 - __main__ - INFO - Weights udpated....
2018-02-27 23:26:26,757 - __main__ - INFO - [112, -31]
2018-02-27 23:26:26,757 - __main__ - INFO - Weights udpated....
2018-02-27 23:26:26,757 - __main__ - INFO - [100, -59]
2018-02-27 23:26:26,757 - __main__ - INFO - Weights udpated....
2018-02-27 23:26:26,757 - __main__ - INFO - [109, -39]
2018-02-27 23:26:26,757 - __main__ - INFO - Weights udpated....
2018-02-27 23:26:26,758 - __main__ - INFO - [97, -67]
2018-02-27 23:26:26,758 - __main__ - INFO - Weights udpated....
2018-02-27 23:26:26,758 - __main__ - INFO - [106, -47]
2018-02-27 23:26:26,758 - __main__ - INFO - Hurray! No Misclassified data point exists
2018-02-27 23:26:26,758 - __main__ - INFO - Solution Found: Weights are below
2018-02-27 23:26:26,758 - __main__ - INFO - [106, -47]
2018-02-27 23:26:26,758 - __main__ - INFO - Actual Weights were: 
2018-02-27 23:26:26,758 - __main__ - INFO - [2, -1]
2018-02-27 23:26:26,758 - __main__ - INFO - Hypothesis Function g: (106 x1)+(-47 x2)+3
2018-02-27 23:26:26,758 - __main__ - INFO - Target Function t: (2 x1)+(-1 x2)+3
2018-02-27 23:26:26,932 - __main__ - INFO - Error in slope: 0.12765957446808507
2018-02-27 23:26:26,932 - __main__ - INFO - time taken : 0:00:00.181083
2018-02-27 23:26:26,932 - __main__ - INFO - Solution found in iteration: 47/100
2018-02-27 23:26:26,933 - __main__ - INFO - Shutting down!
