2018-02-27 23:52:23,802 - __main__ - INFO - *********************************
2018-02-27 23:52:23,802 - __main__ - INFO - Solution Prob 1.4: --by Vimanyu Aggarwal 011006125
2018-02-27 23:52:23,802 - __main__ - INFO - *********************************
2018-02-27 23:52:23,802 - __main__ - INFO - **** RUN COUNT: 1 *******
2018-02-27 23:52:23,802 - __main__ - INFO - Generating input space for data size: 20
2018-02-27 23:52:23,802 - __main__ - INFO - [[0, 26], [10, 25], [15, 9], [0, 13], [22, 24],
[27, 25], [6, 28], [18, 23], [9, 20], [6, 2], [12, 29], [2, 10], [11, 0], [6, 17],
[12, 14], [19, 15], [2, 3], [4, 15], [8, 1], [3, 19]]
2018-02-27 23:52:23,802 - __main__ - INFO - Input space Successfully Generated
2018-02-27 23:52:23,802 - __main__ - INFO - Generating Output space
2018-02-27 23:52:23,802 - __main__ - INFO - [1, 1, -1, 1, -1, -1, 1, -1, 1, -1, 1, 1, -1, 1, -1, -1, -1, 1, -1, 1]
2018-02-27 23:52:23,802 - __main__ - INFO - Output Space Successfully Generated
2018-02-27 23:52:23,803 - __main__ - INFO - Plotting scatter plot with target function f
2018-02-27 23:52:23,965 - __main__ - INFO - Commencing PLA for Data size=20
2018-02-27 23:52:23,965 - __main__ - INFO - Run 1: - PLA iteration: 1
2018-02-27 23:52:23,965 - __main__ - INFO - Weights udpated....
2018-02-27 23:52:23,965 - __main__ - INFO - [44, -2]
2018-02-27 23:52:23,965 - __main__ - INFO - Run 1: - PLA iteration: 2
2018-02-27 23:52:23,965 - __main__ - INFO - Weights udpated....
2018-02-27 23:52:23,965 - __main__ - INFO - [33, -2]
2018-02-27 23:52:23,965 - __main__ - INFO - Run 1: - PLA iteration: 3
2018-02-27 23:52:23,965 - __main__ - INFO - Weights udpated....
2018-02-27 23:52:23,965 - __main__ - INFO - [18, -11]
2018-02-27 23:52:23,966 - __main__ - INFO - Run 1: - PLA iteration: 4
2018-02-27 23:52:23,966 - __main__ - INFO - Weights udpated....
2018-02-27 23:52:23,966 - __main__ - INFO - [3, -20]
2018-02-27 23:52:23,966 - __main__ - INFO - Run 1: - PLA iteration: 5
2018-02-27 23:52:23,966 - __main__ - INFO - Weights udpated....
2018-02-27 23:52:23,966 - __main__ - INFO - [5, -10]
2018-02-27 23:52:23,966 - __main__ - INFO - Run 1: - PLA iteration: 6
2018-02-27 23:52:23,966 - __main__ - INFO - Weights udpated....
2018-02-27 23:52:23,966 - __main__ - INFO - [5, 3]
2018-02-27 23:52:23,966 - __main__ - INFO - Run 1: - PLA iteration: 7
2018-02-27 23:52:23,966 - __main__ - INFO - Weights udpated....
2018-02-27 23:52:23,966 - __main__ - INFO - [3, 0]
2018-02-27 23:52:23,966 - __main__ - INFO - Run 1: - PLA iteration: 8
2018-02-27 23:52:23,966 - __main__ - INFO - Weights udpated....
2018-02-27 23:52:23,966 - __main__ - INFO - [-24, -25]
2018-02-27 23:52:23,966 - __main__ - INFO - Run 1: - PLA iteration: 9
2018-02-27 23:52:23,966 - __main__ - INFO - Weights udpated....
2018-02-27 23:52:23,966 - __main__ - INFO - [-18, 3]
2018-02-27 23:52:23,967 - __main__ - INFO - Run 1: - PLA iteration: 10
2018-02-27 23:52:23,967 - __main__ - INFO - Weights udpated....
2018-02-27 23:52:23,967 - __main__ - INFO - [-12, 31]
2018-02-27 23:52:23,967 - __main__ - INFO - Run 1: - PLA iteration: 11
2018-02-27 23:52:23,967 - __main__ - INFO - Weights udpated....
2018-02-27 23:52:23,967 - __main__ - INFO - [-27, 22]
2018-02-27 23:52:23,967 - __main__ - INFO - Run 1: - PLA iteration: 12
2018-02-27 23:52:23,967 - __main__ - INFO - Weights udpated....
2018-02-27 23:52:23,967 - __main__ - INFO - [-45, -1]
2018-02-27 23:52:23,967 - __main__ - INFO - Run 1: - PLA iteration: 13
2018-02-27 23:52:23,967 - __main__ - INFO - Weights udpated....
2018-02-27 23:52:23,967 - __main__ - INFO - [-33, 28]
2018-02-27 23:52:23,967 - __main__ - INFO - Run 1: - PLA iteration: 14
2018-02-27 23:52:23,967 - __main__ - INFO - Weights udpated....
2018-02-27 23:52:23,967 - __main__ - INFO - [-35, 25]
2018-02-27 23:52:23,968 - __main__ - INFO - Run 1: - PLA iteration: 15
2018-02-27 23:52:23,968 - __main__ - INFO - Weights udpated....
2018-02-27 23:52:23,968 - __main__ - INFO - [-37, 22]
2018-02-27 23:52:23,968 - __main__ - INFO - Run 1: - PLA iteration: 16
2018-02-27 23:52:23,968 - __main__ - INFO - Hurray! No Misclassified data point exists
2018-02-27 23:52:23,968 - __main__ - INFO - ******Solution found!**********
2018-02-27 23:52:23,968 - __main__ - INFO - PLA Weights are below
2018-02-27 23:52:23,968 - __main__ - INFO - [-37, 22]
2018-02-27 23:52:23,968 - __main__ - INFO - Actual Weights were: 
2018-02-27 23:52:23,968 - __main__ - INFO - [-76, 36]
2018-02-27 23:52:23,968 - __main__ - INFO - Hypothesis Function g: (-37 x1)+(22 x2)+8
2018-02-27 23:52:23,968 - __main__ - INFO - Target Function f: (-76 x1)+(36 x2)+8
2018-02-27 23:52:24,105 - __main__ - INFO - Error in slope: 0.2033492822966507
2018-02-27 23:52:24,106 - __main__ - INFO - time taken : 0:00:00.304246
2018-02-27 23:52:24,106 - __main__ - INFO - Solution found in iteration: 16
2018-02-27 23:52:24,106 - __main__ - INFO - **** RUN COUNT: 2 *******
2018-02-27 23:52:24,106 - __main__ - INFO - Generating input space for data size: 20
2018-02-27 23:52:24,106 - __main__ - INFO - [[6, 23], [24, 5], [29, 11], [28, 9],
[4, 11], [11, 13], [26, 30], [2, 1], [6, 26], [1, 0], [21, 7], [25, 12], [18, 10],
[24, 2], [27, 4], [23, 26], [8, 17], [19, 27], [30, 16], [22, 4]]
2018-02-27 23:52:24,106 - __main__ - INFO - Input space Successfully Generated
2018-02-27 23:52:24,106 - __main__ - INFO - Generating Output space
2018-02-27 23:52:24,106 - __main__ - INFO - [1, -1, -1, -1, 1, -1, -1, -1, 1, -1, -1, -1, -1, -1, -1, -1, 1, -1, -1, -1]
2018-02-27 23:52:24,106 - __main__ - INFO - Output Space Successfully Generated
2018-02-27 23:52:24,106 - __main__ - INFO - Plotting scatter plot with target function f
2018-02-27 23:52:24,243 - __main__ - INFO - Commencing PLA for Data size=20
2018-02-27 23:52:24,243 - __main__ - INFO - Run 2: - PLA iteration: 1
2018-02-27 23:52:24,243 - __main__ - INFO - Weights udpated....
2018-02-27 23:52:24,243 - __main__ - INFO - [71, 71]
2018-02-27 23:52:24,243 - __main__ - INFO - Run 2: - PLA iteration: 2
2018-02-27 23:52:24,243 - __main__ - INFO - Weights udpated....
2018-02-27 23:52:24,243 - __main__ - INFO - [42, 60]
2018-02-27 23:52:24,243 - __main__ - INFO - Run 2: - PLA iteration: 3
2018-02-27 23:52:24,243 - __main__ - INFO - Weights udpated....
2018-02-27 23:52:24,243 - __main__ - INFO - [31, 47]
2018-02-27 23:52:24,243 - __main__ - INFO - Run 2: - PLA iteration: 4
2018-02-27 23:52:24,243 - __main__ - INFO - Weights udpated....
2018-02-27 23:52:24,244 - __main__ - INFO - [9, 43]
2018-02-27 23:52:24,244 - __main__ - INFO - Run 2: - PLA iteration: 5
2018-02-27 23:52:24,244 - __main__ - INFO - Weights udpated....
2018-02-27 23:52:24,244 - __main__ - INFO - [7, 42]
2018-02-27 23:52:24,244 - __main__ - INFO - Run 2: - PLA iteration: 6
2018-02-27 23:52:24,244 - __main__ - INFO - Weights udpated....
2018-02-27 23:52:24,244 - __main__ - INFO - [6, 42]
2018-02-27 23:52:24,244 - __main__ - INFO - Run 2: - PLA iteration: 7
2018-02-27 23:52:24,244 - __main__ - INFO - Weights udpated....
2018-02-27 23:52:24,244 - __main__ - INFO - [5, 42]
2018-02-27 23:52:24,245 - __main__ - INFO - Run 2: - PLA iteration: 8
2018-02-27 23:52:24,245 - __main__ - INFO - Weights udpated....
2018-02-27 23:52:24,245 - __main__ - INFO - [-24, 31]
2018-02-27 23:52:24,245 - __main__ - INFO - Run 2: - PLA iteration: 9
2018-02-27 23:52:24,245 - __main__ - INFO - Weights udpated....
2018-02-27 23:52:24,245 - __main__ - INFO - [-35, 18]
2018-02-27 23:52:24,245 - __main__ - INFO - Run 2: - PLA iteration: 10
2018-02-27 23:52:24,245 - __main__ - INFO - Hurray! No Misclassified data point exists
2018-02-27 23:52:24,245 - __main__ - INFO - ******Solution found!**********
2018-02-27 23:52:24,245 - __main__ - INFO - PLA Weights are below
2018-02-27 23:52:24,245 - __main__ - INFO - [-35, 18]
2018-02-27 23:52:24,246 - __main__ - INFO - Actual Weights were: 
2018-02-27 23:52:24,246 - __main__ - INFO - [-76, 36]
2018-02-27 23:52:24,246 - __main__ - INFO - Hypothesis Function g: (-35 x1)+(18 x2)+8
2018-02-27 23:52:24,246 - __main__ - INFO - Target Function t: (-76 x1)+(36 x2)+8
2018-02-27 23:52:24,392 - __main__ - INFO - Error in slope: 0.07894736842105267
2018-02-27 23:52:24,392 - __main__ - INFO - time taken : 0:00:00.591044
2018-02-27 23:52:24,392 - __main__ - INFO - Solution found in iteration: 10
2018-02-27 23:52:24,393 - __main__ - INFO - **** RUN COUNT: 3 *******
2018-02-27 23:52:24,393 - __main__ - INFO - Generating input space for data size: 100
2018-02-27 23:52:24,393 - __main__ - INFO - [[28, 28], [25, 22], [20, 6], [17, 19], [20, 17],
[2, 12], [3, 18], [8, 13], [17, 22], [24, 3], [4, 21], [1, 10], [28, 27], [21, 22], [30, 16],
[19, 6], [18, 4], [21, 30], [27, 11], [3, 16], [27, 1], [16, 15], [18, 21], [11, 20], [18, 3],
[15, 5], [29, 7], [8, 13], [24, 30], [5, 6], [19, 13], [28, 14], [0, 1], [16, 17], [27, 25],
[19, 6], [21, 25], [28, 21], [10, 11], [7, 17], [16, 12], [17, 28], [28, 29], [15, 8], [8, 12],
[19, 7], [28, 17], [21, 30], [9, 29], [1, 15], [24, 6], [15, 30], [25, 2], [2, 0], [13, 1],
[21, 23], [8, 16], [17, 1], [17, 28], [4, 4], [25, 23], [18, 27], [13, 19], [26, 19], [16, 1],
[21, 11], [9, 30], [17, 12], [17, 0], [22, 28], [23, 1], [23, 28], [22, 11], [8, 15], [17, 19],
[25, 0], [8, 3], [18, 2], [8, 13], [9, 29], [8, 11], [28, 11], [6, 28], [18, 11], [12, 1], [5, 27],
[0, 14], [26, 6], [19, 30], [28, 20], [26, 22], [12, 12], [29, 16], [16, 18], [28, 2], [0, 0],
[15, 9], [13, 1], [11, 2], [9, 30]]
2018-02-27 23:52:24,393 - __main__ - INFO - Input space Successfully Generated
2018-02-27 23:52:24,393 - __main__ - INFO - Generating Output space
2018-02-27 23:52:24,393 - __main__ - INFO - [-1, -1, -1, -1, -1, 1, 1, -1, -1, -1, 1, 1, -1, -1, -1, -1, -1, -1,
-1, 1, -1, -1, -1, -1, -1, -1, -1, -1, -1, -1, -1, -1, 1, -1, -1, -1, -1, -1, -1, 1, -1, -1, -1, -1, -1, -1,
 -1, -1, 1, 1, -1, -1, -1, -1, -1, -1, -1, -1, -1, -1, -1, -1, -1, -1, -1, -1, 1, -1, -1, -1, -1, -1,
 -1, -1, -1, -1, -1, -1, -1, 1, -1, -1, 1, -1, -1, 1, 1, -1, -1, -1, -1, -1, -1, -1, -1, 1, -1, -1, -1, 1]
2018-02-27 23:52:24,393 - __main__ - INFO - Output Space Successfully Generated
2018-02-27 23:52:24,393 - __main__ - INFO - Plotting scatter plot with target function f
2018-02-27 23:52:24,683 - __main__ - INFO - Commencing PLA for Data size=100
2018-02-27 23:52:24,683 - __main__ - INFO - Run 3: - PLA iteration: 1
2018-02-27 23:52:24,683 - __main__ - INFO - Weights udpated....
2018-02-27 23:52:24,683 - __main__ - INFO - [15, -80]
2018-02-27 23:52:24,683 - __main__ - INFO - Run 3: - PLA iteration: 2
2018-02-27 23:52:24,683 - __main__ - INFO - Weights udpated....
2018-02-27 23:52:24,683 - __main__ - INFO - [24, -50]
2018-02-27 23:52:24,683 - __main__ - INFO - Run 3: - PLA iteration: 3
2018-02-27 23:52:24,683 - __main__ - INFO - Weights udpated....
2018-02-27 23:52:24,683 - __main__ - INFO - [27, -32]
2018-02-27 23:52:24,684 - __main__ - INFO - Run 3: - PLA iteration: 4
2018-02-27 23:52:24,684 - __main__ - INFO - Weights udpated....
2018-02-27 23:52:24,684 - __main__ - INFO - [34, -15]
2018-02-27 23:52:24,684 - __main__ - INFO - Run 3: - PLA iteration: 5
2018-02-27 23:52:24,684 - __main__ - INFO - Weights udpated....
2018-02-27 23:52:24,684 - __main__ - INFO - [26, -26]
2018-02-27 23:52:24,684 - __main__ - INFO - Run 3: - PLA iteration: 6
2018-02-27 23:52:24,684 - __main__ - INFO - Weights udpated....
2018-02-27 23:52:24,684 - __main__ - INFO - [32, 2]
2018-02-27 23:52:24,684 - __main__ - INFO - Run 3: - PLA iteration: 7
2018-02-27 23:52:24,684 - __main__ - INFO - Weights udpated....
2018-02-27 23:52:24,685 - __main__ - INFO - [4, -12]
2018-02-27 23:52:24,685 - __main__ - INFO - Run 3: - PLA iteration: 8
2018-02-27 23:52:24,685 - __main__ - INFO - Weights udpated....
2018-02-27 23:52:24,685 - __main__ - INFO - [11, 5]
2018-02-27 23:52:24,685 - __main__ - INFO - Run 3: - PLA iteration: 9
2018-02-27 23:52:24,685 - __main__ - INFO - Weights udpated....
2018-02-27 23:52:24,685 - __main__ - INFO - [-7, -6]
2018-02-27 23:52:24,685 - __main__ - INFO - Run 3: - PLA iteration: 10
2018-02-27 23:52:24,685 - __main__ - INFO - Weights udpated....
2018-02-27 23:52:24,685 - __main__ - INFO - [-5, 6]
2018-02-27 23:52:24,685 - __main__ - INFO - Run 3: - PLA iteration: 11
2018-02-27 23:52:24,685 - __main__ - INFO - Weights udpated....
2018-02-27 23:52:24,685 - __main__ - INFO - [-32, -19]
2018-02-27 23:52:24,685 - __main__ - INFO - Run 3: - PLA iteration: 12
2018-02-27 23:52:24,685 - __main__ - INFO - Weights udpated....
2018-02-27 23:52:24,685 - __main__ - INFO - [-23, 10]
2018-02-27 23:52:24,686 - __main__ - INFO - Run 3: - PLA iteration: 13
2018-02-27 23:52:24,686 - __main__ - INFO - Hurray! No Misclassified data point exists
2018-02-27 23:52:24,686 - __main__ - INFO - ******Solution found!**********
2018-02-27 23:52:24,686 - __main__ - INFO - PLA Weights are below
2018-02-27 23:52:24,686 - __main__ - INFO - [-23, 10]
2018-02-27 23:52:24,686 - __main__ - INFO - Actual Weights were: 
2018-02-27 23:52:24,686 - __main__ - INFO - [-76, 36]
2018-02-27 23:52:24,686 - __main__ - INFO - Hypothesis Function g: (-23 x1)+(10 x2)+8
2018-02-27 23:52:24,686 - __main__ - INFO - Target Function t: (-76 x1)+(36 x2)+8
2018-02-27 23:52:24,994 - __main__ - INFO - Error in slope: 0.0894736842105262
2018-02-27 23:52:24,994 - __main__ - INFO - time taken : 0:00:01.192815
2018-02-27 23:52:24,994 - __main__ - INFO - Solution found in iteration: 13
2018-02-27 23:52:24,994 - __main__ - INFO - **** RUN COUNT: 4 *******
2018-02-27 23:52:24,994 - __main__ - INFO - Generating input space for data size: 1000
2018-02-27 23:52:24,998 - __main__ - INFO - [[21, 1], [10, 6], [4, 24], [18, 8], [9, 9], [1, 23], [15, 12], [20, 17], [26, 6], [20, 16], [1, 11], [24, 22], [25, 11], [8, 7], [15, 9], [19, 23], [20, 7], [3, 7], [11, 16], [27, 28], [16, 6], [16, 5], [1, 6], [0, 2], [21, 1], [27, 14], [30, 2], [16, 6], [1, 6], [9, 7], [17, 3], [29, 26], [15, 24], [18, 30], [24, 1], [20, 13], [20, 13], [26, 16], [10, 22], [20, 12], [8, 9], [1, 12], [3, 0], [4, 25], [25, 10], [16, 0], [22, 9], [18, 20], [23, 6], [7, 1], [16, 8], [29, 28], [9, 28], [8, 9], [18, 25], [17, 21], [14, 5], [11, 2], [28, 29], [21, 8], [27, 10], [5, 27], [0, 30], [19, 14], [26, 18], [3, 19], [26, 15], [5, 3], [2, 23], [11, 14], [15, 10], [11, 25], [24, 22], [17, 7], [14, 4], [13, 17], [22, 11], [16, 15], [18, 27], [12, 6], [27, 11], [15, 30], [24, 24], [27, 5], [1, 11], [3, 19], [9, 8], [1, 16], [10, 22], [25, 16], [9, 30], [10, 19], [27, 12], [14, 29], [17, 23], [16, 8], [19, 0], [8, 30], [26, 15], [2, 12], [3, 20], [16, 10], [0, 24], [22, 7], [18, 9], [7, 23], [10, 12], [27, 11], [27, 4], [24, 13], [6, 1], [24, 2], [13, 10], [18, 4], [18, 23], [4, 17], [19, 15], [1, 14], [8, 28], [14, 28], [6, 24], [2, 8], [3, 28], [29, 12], [16, 2], [22, 7], [28, 9], [26, 23], [22, 4], [11, 16], [10, 29], [19, 7], [22, 22], [26, 7], [21, 14], [8, 5], [13, 16], [9, 26], [21, 28], [30, 28], [29, 3], [22, 30], [22, 17], [17, 28], [8, 27], [21, 17], [25, 9], [11, 27], [17, 30], [15, 5], [29, 18], [21, 10], [18, 25], [19, 30], [25, 0], [23, 2], [12, 11], [15, 10], [27, 15], [21, 17], [2, 4], [20, 8], [24, 2], [9, 11], [22, 17], [5, 7], [15, 3], [19, 8], [8, 14], [21, 19], [26, 30], [3, 9], [10, 3], [14, 17], [1, 30], [28, 24], [3, 9], [12, 6], [3, 13], [10, 27], [25, 10], [20, 7], [25, 29], [12, 4], [28, 21], [0, 13], [11, 16], [14, 16], [28, 6], [21, 26], [10, 17], [19, 4], [26, 4], [25, 3], [2, 14], [3, 16], [10, 27], [23, 30], [30, 8], [3, 1], [24, 13], [24, 3], [3, 3], [16, 22], [12, 7], [6, 21], [29, 13], [3, 4], [18, 21], [2, 4], [11, 8], [10, 2], [16, 29], [18, 25], [26, 16], [27, 23], [30, 13], [7, 4], [8, 29], [13, 17], [29, 10], [1, 1], [30, 0], [25, 4], [17, 10], [7, 11], [14, 14], [14, 30], [2, 20], [21, 20], [2, 17], [25, 27], [9, 2], [24, 2], [1, 14], [16, 2], [10, 15], [19, 7], [27, 20], [6, 16], [2, 22], [20, 6], [15, 11], [13, 10], [3, 9], [13, 18], [13, 20], [12, 30], [1, 4], [8, 12], [4, 14], [20, 15], [7, 3], [7, 16], [28, 27], [19, 22], [23, 27], [3, 0], [18, 23], [9, 7], [3, 25], [0, 6], [18, 17], [19, 22], [29, 16], [17, 17], [11, 8], [10, 29], [23, 27], [8, 13], [1, 9], [25, 9], [8, 20], [4, 25], [26, 14], [14, 22], [4, 9], [13, 21], [10, 13], [25, 22], [9, 5], [22, 28], [26, 6], [4, 13], [8, 13], [6, 18], [7, 30], [14, 23], [21, 16], [2, 26], [23, 20], [16, 24], [20, 26], [28, 4], [24, 14], [24, 29], [22, 5], [13, 16], [7, 20], [19, 11], [15, 1], [21, 4], [23, 18], [23, 30], [29, 6], [22, 4], [1, 1], [5, 22], [3, 19], [26, 8], [15, 18], [21, 26], [23, 24], [10, 14], [18, 22], [6, 30], [15, 21], [21, 13], [19, 3], [5, 23], [27, 8], [25, 30], [21, 20], [10, 28], [3, 5], [29, 20], [24, 25], [14, 16], [18, 10], [29, 19], [22, 18], [14, 28], [27, 19], [28, 23], [19, 8], [22, 15], [11, 6], [19, 11], [27, 10], [8, 10], [5, 5], [13, 6], [3, 14], [5, 28], [14, 26], [24, 14], [14, 28], [19, 22], [28, 14], [2, 6], [3, 28], [29, 26], [0, 27], [15, 16], [24, 9], [17, 4], [18, 0], [4, 28], [7, 19], [29, 29], [24, 28], [24, 13], [17, 10], [10, 7], [19, 18], [7, 11], [6, 12], [24, 24], [18, 28], [9, 29], [25, 30], [19, 29], [28, 1], [11, 17], [10, 21], [29, 10], [6, 9], [25, 6], [12, 16], [27, 14], [1, 7], [20, 26], [25, 18], [5, 1], [29, 29], [3, 29], [9, 26], [9, 8], [2, 27], [1, 19], [9, 23], [27, 25], [20, 20], [12, 4], [25, 9], [17, 29], [9, 17], [25, 16], [18, 16], [23, 30], [23, 11], [23, 3], [13, 12], [26, 16], [30, 10], [7, 7], [13, 9], [23, 2], [1, 13], [19, 30], [11, 11], [3, 3], [13, 21], [0, 9], [5, 10], [21, 21], [19, 30], [10, 27], [5, 16], [15, 10], [23, 23], [11, 5], [27, 16], [6, 27], [24, 2], [12, 24], [27, 1], [22, 16], [24, 5], [1, 17], [25, 4], [1, 16], [10, 21], [23, 17], [8, 2], [23, 11], [8, 13], [13, 7], [2, 10], [19, 29], [0, 20], [5, 11], [25, 17], [10, 27], [26, 10], [10, 17], [16, 3], [26, 19], [4, 11], [26, 26], [22, 26], [13, 0], [0, 17], [20, 26], [23, 25], [15, 4], [28, 22], [5, 23], [4, 2], [19, 14], [29, 1], [26, 17], [4, 18], [9, 10], [6, 3], [5, 3], [9, 0], [13, 22], [21, 0], [25, 20], [22, 21], [16, 7], [16, 6], [28, 0], [28, 1], [16, 29], [17, 20], [9, 0], [30, 8], [12, 28], [14, 13], [19, 0], [1, 13], [26, 8], [2, 28], [27, 6], [7, 15], [21, 22], [21, 1], [26, 6], [23, 11], [16, 4], [17, 23], [7, 25], [9, 24], [2, 20], [8, 22], [7, 27], [12, 14], [8, 13], [2, 9], [20, 30], [9, 28], [15, 20], [10, 10], [14, 18], [17, 4], [1, 6], [1, 23], [7, 28], [14, 25], [7, 6], [14, 22], [30, 22], [22, 23], [14, 16], [4, 4], [22, 23], [4, 30], [27, 28], [19, 20], [16, 25], [28, 14], [18, 28], [3, 25], [26, 28], [8, 22], [28, 6], [3, 2], [24, 6], [2, 5], [30, 5], [1, 1], [21, 19], [14, 1], [4, 24], [26, 7], [14, 30], [7, 16], [14, 25], [1, 10], [10, 8], [3, 4], [6, 12], [19, 17], [1, 18], [19, 8], [2, 12], [8, 9], [24, 9], [5, 12], [6, 19], [17, 1], [23, 29], [4, 25], [22, 16], [15, 6], [6, 3], [16, 28], [16, 25], [20, 22], [1, 17], [12, 19], [27, 28], [20, 20], [8, 26], [6, 13], [2, 25], [22, 22], [6, 24], [16, 9], [15, 3], [20, 9], [16, 24], [24, 3], [24, 8], [16, 14], [13, 3], [22, 3], [12, 27], [21, 28], [12, 13], [20, 18], [14, 15], [18, 23], [3, 1], [17, 28], [16, 30], [0, 9], [13, 0], [12, 27], [30, 27], [15, 0], [29, 29], [14, 14], [26, 10], [30, 2], [17, 20], [20, 11], [0, 7], [23, 9], [27, 26], [2, 17], [19, 29], [23, 11], [26, 6], [11, 3], [13, 17], [22, 11], [13, 7], [18, 14], [22, 19], [12, 11], [12, 0], [27, 18], [3, 17], [16, 14], [21, 19], [19, 8], [6, 29], [11, 30], [11, 20], [15, 20], [4, 17], [6, 19], [12, 6], [28, 30], [19, 18], [18, 6], [3, 4], [21, 29], [0, 10], [17, 4], [21, 25], [27, 24], [18, 21], [13, 18], [28, 0], [15, 3], [12, 11], [15, 17], [28, 20], [14, 0], [8, 27], [5, 28], [18, 19], [2, 18], [8, 9], [4, 8], [7, 8], [11, 13], [5, 7], [8, 18], [8, 30], [12, 23], [11, 19], [1, 11], [8, 20], [25, 10], [23, 1], [5, 17], [11, 22], [4, 4], [3, 18], [2, 26], [8, 19], [27, 23], [22, 3], [29, 29], [26, 5], [27, 6], [13, 26], [27, 7], [30, 2], [7, 14], [7, 23], [19, 8], [16, 27], [19, 16], [14, 23], [12, 1], [18, 9], [28, 5], [24, 8], [18, 7], [16, 6], [22, 12], [0, 28], [1, 26], [14, 10], [16, 13], [5, 0], [9, 22], [14, 23], [17, 27], [12, 26], [1, 11], [22, 2], [2, 12], [30, 17], [22, 29], [16, 6], [1, 23], [26, 3], [2, 9], [23, 19], [14, 12], [21, 12], [19, 8], [30, 15], [29, 7], [29, 3], [18, 4], [29, 11], [17, 1], [0, 1], [6, 18], [2, 26], [10, 19], [28, 21], [4, 18], [5, 28], [22, 26], [1, 22], [0, 6], [3, 30], [8, 26], [12, 12], [9, 9], [25, 10], [1, 27], [27, 28], [3, 5], [4, 29], [20, 1], [2, 29], [0, 12], [25, 8], [6, 26], [20, 17], [13, 4], [11, 23], [26, 20], [10, 4], [28, 8], [0, 30], [11, 5], [7, 0], [13, 9], [3, 11], [10, 23], [14, 7], [19, 29], [8, 29], [7, 24], [20, 15], [3, 21], [13, 14], [13, 9], [19, 10], [29, 14], [30, 21], [19, 0], [11, 18], [26, 1], [7, 16], [6, 29], [1, 24], [27, 6], [10, 24], [15, 29], [24, 19], [26, 1], [6, 24], [20, 24], [6, 20], [10, 16], [18, 1], [10, 4], [10, 1], [23, 13], [3, 24], [26, 24], [21, 16], [24, 3], [17, 11], [5, 3], [25, 12], [30, 2], [17, 20], [2, 18], [19, 1], [12, 1], [18, 24], [18, 16], [13, 22], [16, 16], [11, 22], [7, 5], [25, 14], [1, 1], [3, 30], [7, 3], [13, 20], [9, 4], [0, 27], [21, 11], [3, 15], [14, 27], [28, 19], [4, 9], [21, 14], [6, 30], [24, 17], [2, 15], [28, 6], [17, 22], [7, 29], [1, 18], [9, 29], [13, 2], [0, 27], [6, 20], [6, 11], [24, 18], [16, 28], [23, 2], [16, 12], [17, 25], [28, 28], [10, 24], [16, 17], [21, 13], [25, 19], [18, 25], [3, 12], [1, 14], [15, 0], [19, 24], [27, 10], [6, 5], [0, 29], [22, 29], [20, 22], [3, 8], [16, 25], [30, 13], [17, 13], [16, 18], [28, 16], [11, 6], [0, 30], [18, 29], [6, 3], [8, 30], [16, 16], [19, 10], [23, 11], [0, 9], [3, 29], [28, 26], [14, 25], [15, 22], [15, 28], [12, 4], [23, 28], [16, 19], [24, 8], [18, 22], [11, 17], [11, 19], [2, 18], [19, 24], [28, 17], [19, 30], [24, 27], [9, 14], [7, 2], [21, 30], [4, 3], [25, 13], [24, 14], [20, 14], [28, 11], [2, 27], [3, 10], [13, 19], [9, 8], [10, 9], [12, 21], [29, 8], [7, 29], [18, 5], [3, 30], [27, 8], [18, 29], [14, 25], [24, 29], [28, 17], [29, 9], [5, 29], [15, 3], [27, 23], [21, 17], [22, 8], [24, 24], [25, 13], [29, 8], [1, 21], [12, 28], [2, 2], [17, 5], [27, 2], [27, 4], [4, 15], [18, 21], [25, 25], [27, 5], [23, 16], [13, 17], [7, 20], [12, 23], [26, 15], [29, 7], [2, 19], [15, 17], [1, 10], [13, 4], [12, 1], [7, 21], [25, 19], [7, 22], [25, 9], [1, 12], [4, 28], [24, 27], [8, 6], [0, 8], [1, 16], [6, 15], [12, 22], [23, 4], [16, 23], [27, 4], [17, 29], [25, 1], [11, 0], [11, 8], [5, 20], [4, 19], [9, 17], [14, 27], [16, 7], [4, 16], [12, 13], [29, 26], [1, 28], [28, 25], [30, 17], [13, 16], [11, 15], [8, 18], [17, 24], [16, 26], [19, 1], [15, 16], [8, 0], [30, 20], [10, 23], [21, 28], [11, 26], [23, 30], [24, 28], [3, 14], [26, 15], [22, 6], [14, 25], [3, 4], [12, 21], [20, 11], [29, 25], [28, 3], [7, 24], [6, 3], [19, 10], [7, 25], [1, 26], [27, 14], [18, 19], [5, 22], [13, 7], [2, 12], [22, 6], [26, 20], [2, 24], [15, 6], [3, 6], [0, 11], [26, 23], [17, 24]]
2018-02-27 23:52:24,998 - __main__ - INFO - Input space Successfully Generated
2018-02-27 23:52:24,998 - __main__ - INFO - Generating Output space
2018-02-27 23:52:24,999 - __main__ - INFO - Random data set included one data point (2,4) which lies on the line of actual target function
2018-02-27 23:52:24,999 - __main__ - INFO - Random data set included one data point (2,4) which lies on the line of actual target function
2018-02-27 23:52:24,999 - __main__ - INFO - Random data set included one data point (11,23) which lies on the line of actual target function
2018-02-27 23:52:24,999 - __main__ - INFO - [-1, -1, 1, -1, -1, 1, -1, -1, -1, -1, 1, -1, -1, -1, -1, -1, -1, 1, -1, -1, -1, -1, 1, 1, -1, -1, -1, -1, 1, -1, -1, -1, -1, -1, -1, -1, -1, -1, 1, -1, -1, 1, -1, 1, -1, -1, -1, -1, -1, -1, -1, -1, 1, -1, -1, -1, -1, -1, -1, -1, -1, 1, 1, -1, -1, 1, -1, -1, 1, -1, -1, 1, -1, -1, -1, -1, -1, -1, -1, -1, -1, -1, -1, -1, 1, 1, -1, 1, 1, -1, 1, -1, -1, -1, -1, -1, -1, 1, -1, 1, 1, -1, 1, -1, -1, 1, -1, -1, -1, -1, -1, -1, -1, -1, -1, 1, -1, 1, 1, -1, 1, 1, 1, -1, -1, -1, -1, -1, -1, -1, 1, -1, -1, -1, -1, -1, -1, 1, -1, -1, -1, -1, -1, -1, 1, -1, -1, 1, -1, -1, -1, -1, -1, -1, -1, -1, -1, -1, -1, -1, 'ignore: invalid data point', -1, -1, -1, -1, -1, -1, -1, -1, -1, -1, 1, -1, -1, 1, -1, 1, -1, 1, 1, -1, -1, -1, -1, -1, 1, -1, -1, -1, -1, -1, -1, -1, -1, 1, 1, 1, -1, -1, -1, -1, -1, -1, -1, -1, 1, -1, -1, -1, 'ignore: invalid data point', -1, -1, -1, -1, -1, -1, -1, -1, 1, -1, -1, -1, -1, -1, -1, -1, -1, 1, 1, -1, 1, -1, -1, -1, 1, -1, -1, -1, -1, 1, 1, -1, -1, -1, 1, -1, -1, 1, 1, -1, 1, -1, -1, 1, -1, -1, -1, -1, -1, -1, 1, 1, -1, -1, -1, -1, -1, 1, -1, -1, 1, -1, 1, 1, -1, -1, 1, -1, -1, -1, -1, -1, -1, 1, -1, 1, 1, -1, -1, 1, -1, -1, -1, -1, -1, -1, -1, -1, 1, -1, -1, -1, -1, -1, -1, -1, -1, 1, 1, -1, -1, -1, -1, -1, -1, 1, -1, -1, -1, 1, -1, -1, -1, 1, -1, -1, -1, -1, -1, -1, -1, -1, -1, -1, -1, -1, -1, -1, -1, -1, -1, -1, 1, 1, -1, -1, -1, -1, -1, 1, 1, -1, 1, -1, -1, -1, -1, 1, 1, -1, -1, -1, -1, -1, -1, -1, -1, -1, -1, 1, -1, -1, -1, -1, 1, -1, -1, -1, -1, -1, 1, -1, -1, -1, -1, 1, 1, -1, 1, 1, 1, -1, -1, -1, -1, -1, -1, -1, -1, -1, -1, -1, -1, -1, -1, -1, -1, -1, 1, -1, -1, -1, -1, 1, -1, -1, -1, 1, 1, -1, -1, -1, -1, 1, -1, -1, -1, -1, -1, 1, -1, 1, 1, -1, -1, -1, -1, -1, 1, -1, 1, 1, -1, 1, -1, -1, -1, -1, 1, -1, -1, -1, 1, -1, -1, -1, -1, 1, -1, -1, -1, -1, 1, -1, -1, -1, -1, -1, -1, -1, -1, -1, -1, -1, -1, -1, -1, -1, -1, 1, -1, -1, 1, -1, 1, -1, 1, -1, -1, -1, -1, -1, -1, 1, 1, 1, 1, 1, -1, -1, 1, -1, 1, -1, -1, -1, -1, 1, 1, 1, -1, -1, -1, -1, -1, -1, -1, -1, 1, -1, -1, -1, -1, -1, 1, -1, 1, -1, -1, -1, 1, -1, -1, -1, -1, 1, -1, 1, 1, -1, 1, -1, -1, -1, -1, 1, -1, 1, -1, -1, 1, 1, -1, -1, 1, -1, -1, -1, -1, -1, -1, 1, -1, -1, -1, 1, 1, 1, -1, 1, -1, -1, -1, -1, -1, -1, -1, -1, -1, 1, -1, -1, -1, -1, -1, -1, -1, -1, 1, -1, 1, -1, -1, -1, -1, -1, -1, -1, -1, 1, -1, -1, 1, -1, -1, -1, -1, -1, -1, -1, -1, -1, -1, -1, -1, 1, -1, -1, -1, 1, 1, -1, -1, 1, 1, -1, -1, -1, -1, -1, -1, 1, -1, -1, -1, -1, -1, -1, -1, -1, -1, -1, -1, 1, 1, -1, 1, -1, -1, -1, -1, -1, 1, 1, -1, -1, 1, 1, -1, -1, 1, -1, -1, 1, 1, 1, -1, -1, -1, -1, -1, -1, -1, -1, -1, 1, -1, -1, -1, -1, -1, -1, -1, -1, -1, -1, -1, 1, 1, -1, -1, -1, 1, -1, -1, 1, 1, -1, 1, -1, -1, -1, 1, -1, 1, -1, -1, -1, -1, -1, -1, -1, -1, -1, -1, 1, 1, 1, -1, -1, 1, 1, -1, 1, 1, 1, 1, -1, -1, -1, 1, -1, -1, 1, -1, 1, 1, -1, 1, -1, -1, 'ignore: invalid data point', -1, -1, -1, 1, -1, -1, -1, 1, 1, -1, -1, 1, 1, -1, 1, -1, -1, -1, -1, -1, -1, -1, -1, 1, 1, 1, -1, 1, -1, -1, -1, 1, -1, 1, -1, -1, -1, -1, -1, 1, -1, -1, -1, -1, -1, -1, -1, -1, 1, -1, -1, -1, -1, -1, -1, -1, -1, -1, -1, 1, -1, -1, -1, 1, -1, 1, -1, -1, 1, -1, 1, -1, 1, -1, -1, 1, 1, 1, -1, 1, 1, -1, -1, -1, -1, -1, -1, -1, 1, -1, -1, -1, -1, 1, 1, -1, -1, -1, -1, 1, -1, -1, 1, -1, -1, -1, -1, -1, -1, 1, -1, -1, 1, -1, -1, -1, 1, 1, -1, -1, -1, -1, -1, -1, -1, -1, -1, -1, -1, 1, -1, -1, -1, -1, -1, -1, -1, -1, -1, -1, -1, -1, 1, 1, -1, -1, -1, -1, -1, 1, -1, 1, -1, -1, -1, -1, -1, -1, 1, -1, -1, -1, -1, -1, -1, -1, 1, 1, -1, -1, -1, -1, 1, -1, -1, -1, -1, -1, 1, -1, -1, -1, 1, -1, 1, -1, -1, 1, -1, 1, -1, 1, 1, -1, -1, 1, 1, 1, -1, -1, -1, -1, -1, -1, -1, -1, 1, 1, -1, -1, -1, 1, -1, -1, 1, -1, -1, -1, -1, 1, -1, -1, -1, -1, -1, -1, 1, -1, 1, -1, -1, 1, -1, -1, -1, -1, -1, -1, -1, -1, 1, -1, -1, 1, 1, -1, -1, 1, -1, 1, -1, -1, 1, -1, -1, 1, -1, -1]
2018-02-27 23:52:24,999 - __main__ - INFO - Output Space Successfully Generated
2018-02-27 23:52:24,999 - __main__ - INFO - Plotting scatter plot with target function f
2018-02-27 23:52:27,049 - __main__ - INFO - Commencing PLA for Data size=1000
2018-02-27 23:52:27,049 - __main__ - INFO - Run 4: - PLA iteration: 1
2018-02-27 23:52:27,049 - __main__ - INFO - Weights udpated....
2018-02-27 23:52:27,049 - __main__ - INFO - [67, 37]
2018-02-27 23:52:27,049 - __main__ - INFO - Run 4: - PLA iteration: 2
2018-02-27 23:52:27,049 - __main__ - INFO - Weights udpated....
2018-02-27 23:52:27,049 - __main__ - INFO - [37, 29]
2018-02-27 23:52:27,049 - __main__ - INFO - Run 4: - PLA iteration: 3
2018-02-27 23:52:27,049 - __main__ - INFO - Weights udpated....
2018-02-27 23:52:27,049 - __main__ - INFO - [23, 4]
2018-02-27 23:52:27,049 - __main__ - INFO - Run 4: - PLA iteration: 4
2018-02-27 23:52:27,049 - __main__ - INFO - Weights udpated....
2018-02-27 23:52:27,049 - __main__ - INFO - [9, -21]
2018-02-27 23:52:27,049 - __main__ - INFO - Run 4: - PLA iteration: 5
2018-02-27 23:52:27,049 - __main__ - INFO - Weights udpated....
2018-02-27 23:52:27,050 - __main__ - INFO - [10, -4]
2018-02-27 23:52:27,050 - __main__ - INFO - Run 4: - PLA iteration: 6
2018-02-27 23:52:27,050 - __main__ - INFO - Weights udpated....
2018-02-27 23:52:27,050 - __main__ - INFO - [-6, -30]
2018-02-27 23:52:27,050 - __main__ - INFO - Run 4: - PLA iteration: 7
2018-02-27 23:52:27,050 - __main__ - INFO - Weights udpated....
2018-02-27 23:52:27,050 - __main__ - INFO - [1, -6]
2018-02-27 23:52:27,050 - __main__ - INFO - Run 4: - PLA iteration: 8
2018-02-27 23:52:27,050 - __main__ - INFO - Weights udpated....
2018-02-27 23:52:27,050 - __main__ - INFO - [-20, -7]
2018-02-27 23:52:27,050 - __main__ - INFO - Run 4: - PLA iteration: 9
2018-02-27 23:52:27,050 - __main__ - INFO - Weights udpated....
2018-02-27 23:52:27,050 - __main__ - INFO - [-16, 17]
2018-02-27 23:52:27,050 - __main__ - INFO - Run 4: - PLA iteration: 10
2018-02-27 23:52:27,050 - __main__ - INFO - Weights udpated....
2018-02-27 23:52:27,050 - __main__ - INFO - [-25, 8]
2018-02-27 23:52:27,050 - __main__ - INFO - Run 4: - PLA iteration: 11
2018-02-27 23:52:27,051 - __main__ - INFO - Weights udpated....
2018-02-27 23:52:27,051 - __main__ - INFO - [-13, 35]
2018-02-27 23:52:27,051 - __main__ - INFO - Run 4: - PLA iteration: 12
2018-02-27 23:52:27,051 - __main__ - INFO - Weights udpated....
2018-02-27 23:52:27,051 - __main__ - INFO - [-19, 24]
2018-02-27 23:52:27,051 - __main__ - INFO - Run 4: - PLA iteration: 13
2018-02-27 23:52:27,051 - __main__ - INFO - Weights udpated....
2018-02-27 23:52:27,051 - __main__ - INFO - [-32, 7]
2018-02-27 23:52:27,051 - __main__ - INFO - Run 4: - PLA iteration: 14
2018-02-27 23:52:27,051 - __main__ - INFO - Weights udpated....
2018-02-27 23:52:27,051 - __main__ - INFO - [-29, 14]
2018-02-27 23:52:27,051 - __main__ - INFO - Run 4: - PLA iteration: 15
2018-02-27 23:52:27,051 - __main__ - INFO - Weights udpated....
2018-02-27 23:52:27,051 - __main__ - INFO - [-43, -15]
2018-02-27 23:52:27,051 - __main__ - INFO - Run 4: - PLA iteration: 16
2018-02-27 23:52:27,051 - __main__ - INFO - Weights udpated....
2018-02-27 23:52:27,052 - __main__ - INFO - [-39, 9]
2018-02-27 23:52:27,052 - __main__ - INFO - Run 4: - PLA iteration: 17
2018-02-27 23:52:27,052 - __main__ - INFO - Weights udpated....
2018-02-27 23:52:27,052 - __main__ - INFO - [-33, 28]
2018-02-27 23:52:27,052 - __main__ - INFO - Run 4: - PLA iteration: 18
2018-02-27 23:52:27,052 - __main__ - INFO - Weights udpated....
2018-02-27 23:52:27,052 - __main__ - INFO - [-44, 13]
2018-02-27 23:52:27,052 - __main__ - INFO - Run 4: - PLA iteration: 19
2018-02-27 23:52:27,052 - __main__ - INFO - Weights udpated....
2018-02-27 23:52:27,052 - __main__ - INFO - [-41, 20]
2018-02-27 23:52:27,052 - __main__ - INFO - Run 4: - PLA iteration: 20
2018-02-27 23:52:27,052 - __main__ - INFO - Weights udpated....
2018-02-27 23:52:27,052 - __main__ - INFO - [-55, -9]
2018-02-27 23:52:27,052 - __main__ - INFO - Run 4: - PLA iteration: 21
2018-02-27 23:52:27,052 - __main__ - INFO - Weights udpated....
2018-02-27 23:52:27,052 - __main__ - INFO - [-51, 15]
2018-02-27 23:52:27,052 - __main__ - INFO - Run 4: - PLA iteration: 22
2018-02-27 23:52:27,053 - __main__ - INFO - Weights udpated....
2018-02-27 23:52:27,053 - __main__ - INFO - [-48, 22]
2018-02-27 23:52:27,053 - __main__ - INFO - Run 4: - PLA iteration: 23
2018-02-27 23:52:27,053 - __main__ - INFO - Weights udpated....
2018-02-27 23:52:27,053 - __main__ - INFO - [-34, 52]
2018-02-27 23:52:27,053 - __main__ - INFO - Run 4: - PLA iteration: 24
2018-02-27 23:52:27,053 - __main__ - INFO - Weights udpated....
2018-02-27 23:52:27,053 - __main__ - INFO - [-37, 47]
2018-02-27 23:52:27,053 - __main__ - INFO - Run 4: - PLA iteration: 25
2018-02-27 23:52:27,053 - __main__ - INFO - Weights udpated....
2018-02-27 23:52:27,053 - __main__ - INFO - [-46, 39]
2018-02-27 23:52:27,054 - __main__ - INFO - Run 4: - PLA iteration: 26
2018-02-27 23:52:27,054 - __main__ - INFO - Weights udpated....
2018-02-27 23:52:27,054 - __main__ - INFO - [-62, 20]
2018-02-27 23:52:27,054 - __main__ - INFO - Run 4: - PLA iteration: 27
2018-02-27 23:52:27,054 - __main__ - INFO - Weights udpated....
2018-02-27 23:52:27,054 - __main__ - INFO - [-50, 50]
2018-02-27 23:52:27,054 - __main__ - INFO - Run 4: - PLA iteration: 28
2018-02-27 23:52:27,054 - __main__ - INFO - Weights udpated....
2018-02-27 23:52:27,054 - __main__ - INFO - [-53, 45]
2018-02-27 23:52:27,054 - __main__ - INFO - Run 4: - PLA iteration: 29
2018-02-27 23:52:27,054 - __main__ - INFO - Weights udpated....
2018-02-27 23:52:27,054 - __main__ - INFO - [-64, 29]
2018-02-27 23:52:27,054 - __main__ - INFO - Run 4: - PLA iteration: 30
2018-02-27 23:52:27,054 - __main__ - INFO - Weights udpated....
2018-02-27 23:52:27,055 - __main__ - INFO - [-50, 59]
2018-02-27 23:52:27,055 - __main__ - INFO - Run 4: - PLA iteration: 31
2018-02-27 23:52:27,055 - __main__ - INFO - Weights udpated....
2018-02-27 23:52:27,055 - __main__ - INFO - [-66, 33]
2018-02-27 23:52:27,055 - __main__ - INFO - Run 4: - PLA iteration: 32
2018-02-27 23:52:27,055 - __main__ - INFO - Weights udpated....
2018-02-27 23:52:27,055 - __main__ - INFO - [-81, 3]
2018-02-27 23:52:27,055 - __main__ - INFO - Run 4: - PLA iteration: 33
2018-02-27 23:52:27,055 - __main__ - INFO - Weights udpated....
2018-02-27 23:52:27,055 - __main__ - INFO - [-74, 19]
2018-02-27 23:52:27,055 - __main__ - INFO - Run 4: - PLA iteration: 34
2018-02-27 23:52:27,055 - __main__ - INFO - Weights udpated....
2018-02-27 23:52:27,055 - __main__ - INFO - [-67, 41]
2018-02-27 23:52:27,055 - __main__ - INFO - Run 4: - PLA iteration: 35
2018-02-27 23:52:27,055 - __main__ - INFO - Weights udpated....
2018-02-27 23:52:27,055 - __main__ - INFO - [-85, 11]
2018-02-27 23:52:27,056 - __main__ - INFO - Run 4: - PLA iteration: 36
2018-02-27 23:52:27,056 - __main__ - INFO - Weights udpated....
2018-02-27 23:52:27,056 - __main__ - INFO - [-81, 35]
2018-02-27 23:52:27,056 - __main__ - INFO - Run 4: - PLA iteration: 37
2018-02-27 23:52:27,056 - __main__ - INFO - Weights udpated....
2018-02-27 23:52:27,056 - __main__ - INFO - [-71, 57]
2018-02-27 23:52:27,056 - __main__ - INFO - Run 4: - PLA iteration: 38
2018-02-27 23:52:27,056 - __main__ - INFO - Weights udpated....
2018-02-27 23:52:27,056 - __main__ - INFO - [-92, 29]
2018-02-27 23:52:27,056 - __main__ - INFO - Run 4: - PLA iteration: 39
2018-02-27 23:52:27,056 - __main__ - INFO - Weights udpated....
2018-02-27 23:52:27,056 - __main__ - INFO - [-85, 48]
2018-02-27 23:52:27,056 - __main__ - INFO - Run 4: - PLA iteration: 40
2018-02-27 23:52:27,056 - __main__ - INFO - Weights udpated....
2018-02-27 23:52:27,056 - __main__ - INFO - [-100, 18]
2018-02-27 23:52:27,056 - __main__ - INFO - Run 4: - PLA iteration: 41
2018-02-27 23:52:27,057 - __main__ - INFO - Weights udpated....
2018-02-27 23:52:27,057 - __main__ - INFO - [-97, 25]
2018-02-27 23:52:27,057 - __main__ - INFO - Run 4: - PLA iteration: 42
2018-02-27 23:52:27,057 - __main__ - INFO - Weights udpated....
2018-02-27 23:52:27,057 - __main__ - INFO - [-94, 32]
2018-02-27 23:52:27,057 - __main__ - INFO - Run 4: - PLA iteration: 43
2018-02-27 23:52:27,057 - __main__ - INFO - Weights udpated....
2018-02-27 23:52:27,057 - __main__ - INFO - [-91, 39]
2018-02-27 23:52:27,057 - __main__ - INFO - Run 4: - PLA iteration: 44
2018-02-27 23:52:27,057 - __main__ - INFO - Weights udpated....
2018-02-27 23:52:27,057 - __main__ - INFO - [-81, 61]
2018-02-27 23:52:27,057 - __main__ - INFO - Run 4: - PLA iteration: 45
2018-02-27 23:52:27,057 - __main__ - INFO - Weights udpated....
2018-02-27 23:52:27,057 - __main__ - INFO - [-92, 45]
2018-02-27 23:52:27,057 - __main__ - INFO - Run 4: - PLA iteration: 46
2018-02-27 23:52:27,058 - __main__ - INFO - Weights udpated....
2018-02-27 23:52:27,058 - __main__ - INFO - [-106, 16]
2018-02-27 23:52:27,058 - __main__ - INFO - Run 4: - PLA iteration: 47
2018-02-27 23:52:27,058 - __main__ - INFO - Weights udpated....
2018-02-27 23:52:27,058 - __main__ - INFO - [-99, 32]
2018-02-27 23:52:27,058 - __main__ - INFO - Run 4: - PLA iteration: 48
2018-02-27 23:52:27,058 - __main__ - INFO - Weights udpated....
2018-02-27 23:52:27,058 - __main__ - INFO - [-96, 39]
2018-02-27 23:52:27,058 - __main__ - INFO - Run 4: - PLA iteration: 49
2018-02-27 23:52:27,058 - __main__ - INFO - Weights udpated....
2018-02-27 23:52:27,058 - __main__ - INFO - [-93, 46]
2018-02-27 23:52:27,058 - __main__ - INFO - Run 4: - PLA iteration: 50
2018-02-27 23:52:27,058 - __main__ - INFO - Weights udpated....
2018-02-27 23:52:27,058 - __main__ - INFO - [-107, 17]
2018-02-27 23:52:27,058 - __main__ - INFO - Run 4: - PLA iteration: 51
2018-02-27 23:52:27,059 - __main__ - INFO - Weights udpated....
2018-02-27 23:52:27,059 - __main__ - INFO - [-103, 41]
2018-02-27 23:52:27,059 - __main__ - INFO - Run 4: - PLA iteration: 52
2018-02-27 23:52:27,059 - __main__ - INFO - Weights udpated....
2018-02-27 23:52:27,059 - __main__ - INFO - [-93, 62]
2018-02-27 23:52:27,059 - __main__ - INFO - Run 4: - PLA iteration: 53
2018-02-27 23:52:27,059 - __main__ - INFO - Weights udpated....
2018-02-27 23:52:27,059 - __main__ - INFO - [-101, 49]
2018-02-27 23:52:27,059 - __main__ - INFO - Run 4: - PLA iteration: 54
2018-02-27 23:52:27,059 - __main__ - INFO - Weights udpated....
2018-02-27 23:52:27,059 - __main__ - INFO - [-115, 20]
2018-02-27 23:52:27,059 - __main__ - INFO - Run 4: - PLA iteration: 55
2018-02-27 23:52:27,059 - __main__ - INFO - Weights udpated....
2018-02-27 23:52:27,059 - __main__ - INFO - [-112, 27]
2018-02-27 23:52:27,059 - __main__ - INFO - Run 4: - PLA iteration: 56
2018-02-27 23:52:27,060 - __main__ - INFO - Weights udpated....
2018-02-27 23:52:27,060 - __main__ - INFO - [-109, 34]
2018-02-27 23:52:27,060 - __main__ - INFO - Run 4: - PLA iteration: 57
2018-02-27 23:52:27,060 - __main__ - INFO - Weights udpated....
2018-02-27 23:52:27,060 - __main__ - INFO - [-106, 41]
2018-02-27 23:52:27,060 - __main__ - INFO - Run 4: - PLA iteration: 58
2018-02-27 23:52:27,060 - __main__ - INFO - Weights udpated....
2018-02-27 23:52:27,060 - __main__ - INFO - [-103, 48]
2018-02-27 23:52:27,060 - __main__ - INFO - Run 4: - PLA iteration: 59
2018-02-27 23:52:27,060 - __main__ - INFO - Weights udpated....
2018-02-27 23:52:27,060 - __main__ - INFO - [-93, 69]
2018-02-27 23:52:27,060 - __main__ - INFO - Run 4: - PLA iteration: 60
2018-02-27 23:52:27,060 - __main__ - INFO - Weights udpated....
2018-02-27 23:52:27,060 - __main__ - INFO - [-108, 47]
2018-02-27 23:52:27,061 - __main__ - INFO - Run 4: - PLA iteration: 61
2018-02-27 23:52:27,061 - __main__ - INFO - Weights udpated....
2018-02-27 23:52:27,061 - __main__ - INFO - [-98, 69]
2018-02-27 23:52:27,061 - __main__ - INFO - Run 4: - PLA iteration: 62
2018-02-27 23:52:27,061 - __main__ - INFO - Weights udpated....
2018-02-27 23:52:27,061 - __main__ - INFO - [-111, 47]
2018-02-27 23:52:27,061 - __main__ - INFO - Run 4: - PLA iteration: 63
2018-02-27 23:52:27,061 - __main__ - INFO - Weights udpated....
2018-02-27 23:52:27,061 - __main__ - INFO - [-101, 69]
2018-02-27 23:52:27,061 - __main__ - INFO - Run 4: - PLA iteration: 64
2018-02-27 23:52:27,061 - __main__ - INFO - Weights udpated....
2018-02-27 23:52:27,061 - __main__ - INFO - [-112, 53]
2018-02-27 23:52:27,061 - __main__ - INFO - Run 4: - PLA iteration: 65
2018-02-27 23:52:27,062 - __main__ - INFO - Hurray! No Misclassified data point exists
2018-02-27 23:52:27,062 - __main__ - INFO - ******Solution found!**********
2018-02-27 23:52:27,062 - __main__ - INFO - PLA Weights are below
2018-02-27 23:52:27,062 - __main__ - INFO - [-112, 53]
2018-02-27 23:52:27,062 - __main__ - INFO - Actual Weights were: 
2018-02-27 23:52:27,062 - __main__ - INFO - [-76, 36]
2018-02-27 23:52:27,062 - __main__ - INFO - Hypothesis Function g: (-112 x1)+(53 x2)+8
2018-02-27 23:52:27,062 - __main__ - INFO - Target Function t: (-76 x1)+(36 x2)+8
2018-02-27 23:52:29,148 - __main__ - INFO - Error in slope: 0.0009930486593842745
2018-02-27 23:52:29,148 - __main__ - INFO - time taken : 0:00:05.346935
2018-02-27 23:52:29,148 - __main__ - INFO - Solution found in iteration: 65
2018-02-27 23:52:29,148 - __main__ - INFO - Shutting down!
